2024-01-06 14:31:06,948 - inspyred.ec - DEBUG - generating initial population
2024-01-06 14:31:07,651 - inspyred.ec - DEBUG - evaluating initial population
2024-01-06 14:32:01,707 - inspyred.ec - DEBUG - population size is now 50
2024-01-06 14:32:01,707 - inspyred.ec - DEBUG - archiving initial population
2024-01-06 14:32:01,707 - inspyred.ec - DEBUG - archive size is now 7
2024-01-06 14:32:01,707 - inspyred.ec - DEBUG - population size is now 50
2024-01-06 14:32:01,707 - inspyred.ec - DEBUG - observation using file_observer at generation 0 and evaluation 50
2024-01-06 14:32:01,710 - inspyred.ec - DEBUG - termination test using special_termination at generation 0 and evaluation 50
2024-01-06 14:32:01,710 - inspyred.ec - DEBUG - termination test using generation_termination at generation 0 and evaluation 50
2024-01-06 14:32:01,710 - inspyred.ec - DEBUG - termination test using diversity_termination at generation 0 and evaluation 50
2024-01-06 14:32:01,734 - inspyred.ec - DEBUG - selection using tournament_selection at generation 0 and evaluation 50
2024-01-06 14:32:01,734 - inspyred.ec - DEBUG - selected 50 candidates
2024-01-06 14:32:01,739 - inspyred.ec - DEBUG - variation using n_point_crossover at generation 0 and evaluation 50
2024-01-06 14:32:01,739 - inspyred.ec - DEBUG - variation using random_reset_mutation at generation 0 and evaluation 50
2024-01-06 14:32:01,740 - inspyred.ec - DEBUG - variation using repair_mutation at generation 0 and evaluation 50
2024-01-06 14:32:02,148 - inspyred.ec - DEBUG - created 50 offspring
2024-01-06 14:32:02,148 - inspyred.ec - DEBUG - evaluation using evaluate at generation 0 and evaluation 50
2024-01-06 14:32:52,743 - inspyred.ec - DEBUG - replacement using nsga_replacement at generation 0 and evaluation 100
2024-01-06 14:32:52,747 - inspyred.ec - DEBUG - population size is now 50
2024-01-06 14:32:52,747 - inspyred.ec - DEBUG - migration using default_migration at generation 0 and evaluation 100
2024-01-06 14:32:52,757 - inspyred.ec - DEBUG - population size is now 50
2024-01-06 14:32:52,757 - inspyred.ec - DEBUG - archival using best_archiver at generation 0 and evaluation 100
2024-01-06 14:32:52,759 - inspyred.ec - DEBUG - archive size is now 14
2024-01-06 14:32:52,760 - inspyred.ec - DEBUG - population size is now 50
2024-01-06 14:32:52,760 - inspyred.ec - DEBUG - observation using file_observer at generation 1 and evaluation 100
2024-01-06 14:32:52,763 - inspyred.ec - DEBUG - termination test using special_termination at generation 1 and evaluation 100
2024-01-06 14:32:52,763 - inspyred.ec - DEBUG - termination test using generation_termination at generation 1 and evaluation 100
2024-01-06 14:32:52,763 - inspyred.ec - DEBUG - termination test using diversity_termination at generation 1 and evaluation 100
2024-01-06 14:32:52,790 - inspyred.ec - DEBUG - selection using tournament_selection at generation 1 and evaluation 100
2024-01-06 14:32:52,790 - inspyred.ec - DEBUG - selected 50 candidates
2024-01-06 14:32:52,793 - inspyred.ec - DEBUG - variation using n_point_crossover at generation 1 and evaluation 100
2024-01-06 14:32:52,795 - inspyred.ec - DEBUG - variation using random_reset_mutation at generation 1 and evaluation 100
2024-01-06 14:32:52,795 - inspyred.ec - DEBUG - variation using repair_mutation at generation 1 and evaluation 100
2024-01-06 14:32:53,197 - inspyred.ec - DEBUG - created 50 offspring
2024-01-06 14:32:53,197 - inspyred.ec - DEBUG - evaluation using evaluate at generation 1 and evaluation 100
2024-01-06 14:33:49,131 - inspyred.ec - DEBUG - replacement using nsga_replacement at generation 1 and evaluation 150
2024-01-06 14:33:49,145 - inspyred.ec - DEBUG - population size is now 50
2024-01-06 14:33:49,145 - inspyred.ec - DEBUG - migration using default_migration at generation 1 and evaluation 150
2024-01-06 14:33:49,145 - inspyred.ec - DEBUG - population size is now 50
2024-01-06 14:33:49,145 - inspyred.ec - DEBUG - archival using best_archiver at generation 1 and evaluation 150
2024-01-06 14:33:49,151 - inspyred.ec - DEBUG - archive size is now 20
2024-01-06 14:33:49,151 - inspyred.ec - DEBUG - population size is now 50
2024-01-06 14:33:49,151 - inspyred.ec - DEBUG - observation using file_observer at generation 2 and evaluation 150
2024-01-06 14:33:49,151 - inspyred.ec - DEBUG - termination test using special_termination at generation 2 and evaluation 150
2024-01-06 14:33:49,151 - inspyred.ec - DEBUG - termination test using generation_termination at generation 2 and evaluation 150
2024-01-06 14:33:49,151 - inspyred.ec - DEBUG - termination test using diversity_termination at generation 2 and evaluation 150
2024-01-06 14:33:49,177 - inspyred.ec - DEBUG - selection using tournament_selection at generation 2 and evaluation 150
2024-01-06 14:33:49,177 - inspyred.ec - DEBUG - selected 50 candidates
2024-01-06 14:33:49,180 - inspyred.ec - DEBUG - variation using n_point_crossover at generation 2 and evaluation 150
2024-01-06 14:33:49,180 - inspyred.ec - DEBUG - variation using random_reset_mutation at generation 2 and evaluation 150
2024-01-06 14:33:49,180 - inspyred.ec - DEBUG - variation using repair_mutation at generation 2 and evaluation 150
2024-01-06 14:33:49,545 - inspyred.ec - DEBUG - created 50 offspring
2024-01-06 14:33:49,546 - inspyred.ec - DEBUG - evaluation using evaluate at generation 2 and evaluation 150
2024-01-06 14:34:40,552 - inspyred.ec - DEBUG - replacement using nsga_replacement at generation 2 and evaluation 200
2024-01-06 14:34:40,569 - inspyred.ec - DEBUG - population size is now 50
2024-01-06 14:34:40,569 - inspyred.ec - DEBUG - migration using default_migration at generation 2 and evaluation 200
2024-01-06 14:34:40,569 - inspyred.ec - DEBUG - population size is now 50
2024-01-06 14:34:40,569 - inspyred.ec - DEBUG - archival using best_archiver at generation 2 and evaluation 200
2024-01-06 14:34:40,572 - inspyred.ec - DEBUG - archive size is now 22
2024-01-06 14:34:40,572 - inspyred.ec - DEBUG - population size is now 50
2024-01-06 14:34:40,572 - inspyred.ec - DEBUG - observation using file_observer at generation 3 and evaluation 200
2024-01-06 14:34:40,575 - inspyred.ec - DEBUG - termination test using special_termination at generation 3 and evaluation 200
2024-01-06 14:34:40,575 - inspyred.ec - DEBUG - termination test using generation_termination at generation 3 and evaluation 200
2024-01-06 14:34:40,575 - inspyred.ec - DEBUG - termination test using diversity_termination at generation 3 and evaluation 200
2024-01-06 14:34:40,598 - inspyred.ec - DEBUG - selection using tournament_selection at generation 3 and evaluation 200
2024-01-06 14:34:40,598 - inspyred.ec - DEBUG - selected 50 candidates
2024-01-06 14:34:40,598 - inspyred.ec - DEBUG - variation using n_point_crossover at generation 3 and evaluation 200
2024-01-06 14:34:40,598 - inspyred.ec - DEBUG - variation using random_reset_mutation at generation 3 and evaluation 200
2024-01-06 14:34:40,598 - inspyred.ec - DEBUG - variation using repair_mutation at generation 3 and evaluation 200
2024-01-06 14:34:40,957 - inspyred.ec - DEBUG - created 50 offspring
2024-01-06 14:34:40,957 - inspyred.ec - DEBUG - evaluation using evaluate at generation 3 and evaluation 200
2024-01-06 14:35:32,285 - inspyred.ec - DEBUG - replacement using nsga_replacement at generation 3 and evaluation 250
2024-01-06 14:35:32,305 - inspyred.ec - DEBUG - population size is now 50
2024-01-06 14:35:32,305 - inspyred.ec - DEBUG - migration using default_migration at generation 3 and evaluation 250
2024-01-06 14:35:32,305 - inspyred.ec - DEBUG - population size is now 50
2024-01-06 14:35:32,305 - inspyred.ec - DEBUG - archival using best_archiver at generation 3 and evaluation 250
2024-01-06 14:35:32,305 - inspyred.ec - DEBUG - archive size is now 17
2024-01-06 14:35:32,305 - inspyred.ec - DEBUG - population size is now 50
2024-01-06 14:35:32,305 - inspyred.ec - DEBUG - observation using file_observer at generation 4 and evaluation 250
2024-01-06 14:35:32,309 - inspyred.ec - DEBUG - termination test using special_termination at generation 4 and evaluation 250
2024-01-06 14:35:32,309 - inspyred.ec - DEBUG - termination test using generation_termination at generation 4 and evaluation 250
2024-01-06 14:35:32,309 - inspyred.ec - DEBUG - termination test using diversity_termination at generation 4 and evaluation 250
2024-01-06 14:35:32,334 - inspyred.ec - DEBUG - selection using tournament_selection at generation 4 and evaluation 250
2024-01-06 14:35:32,334 - inspyred.ec - DEBUG - selected 50 candidates
2024-01-06 14:35:32,334 - inspyred.ec - DEBUG - variation using n_point_crossover at generation 4 and evaluation 250
2024-01-06 14:35:32,334 - inspyred.ec - DEBUG - variation using random_reset_mutation at generation 4 and evaluation 250
2024-01-06 14:35:32,334 - inspyred.ec - DEBUG - variation using repair_mutation at generation 4 and evaluation 250
2024-01-06 14:35:32,819 - inspyred.ec - DEBUG - created 50 offspring
2024-01-06 14:35:32,819 - inspyred.ec - DEBUG - evaluation using evaluate at generation 4 and evaluation 250
2024-01-06 14:36:23,976 - inspyred.ec - DEBUG - replacement using nsga_replacement at generation 4 and evaluation 300
2024-01-06 14:36:23,996 - inspyred.ec - DEBUG - population size is now 50
2024-01-06 14:36:23,996 - inspyred.ec - DEBUG - migration using default_migration at generation 4 and evaluation 300
2024-01-06 14:36:23,996 - inspyred.ec - DEBUG - population size is now 50
2024-01-06 14:36:23,996 - inspyred.ec - DEBUG - archival using best_archiver at generation 4 and evaluation 300
2024-01-06 14:36:24,000 - inspyred.ec - DEBUG - archive size is now 12
2024-01-06 14:36:24,000 - inspyred.ec - DEBUG - population size is now 50
2024-01-06 14:36:24,000 - inspyred.ec - DEBUG - observation using file_observer at generation 5 and evaluation 300
2024-01-06 14:36:24,003 - inspyred.ec - DEBUG - termination test using special_termination at generation 5 and evaluation 300
2024-01-06 14:36:24,003 - inspyred.ec - DEBUG - termination test using generation_termination at generation 5 and evaluation 300
2024-01-06 14:36:24,003 - inspyred.ec - DEBUG - termination test using diversity_termination at generation 5 and evaluation 300
2024-01-06 14:36:24,029 - inspyred.ec - DEBUG - selection using tournament_selection at generation 5 and evaluation 300
2024-01-06 14:36:24,029 - inspyred.ec - DEBUG - selected 50 candidates
2024-01-06 14:36:24,029 - inspyred.ec - DEBUG - variation using n_point_crossover at generation 5 and evaluation 300
2024-01-06 14:36:24,029 - inspyred.ec - DEBUG - variation using random_reset_mutation at generation 5 and evaluation 300
2024-01-06 14:36:24,029 - inspyred.ec - DEBUG - variation using repair_mutation at generation 5 and evaluation 300
2024-01-06 14:36:24,466 - inspyred.ec - DEBUG - created 50 offspring
2024-01-06 14:36:24,466 - inspyred.ec - DEBUG - evaluation using evaluate at generation 5 and evaluation 300
2024-01-06 14:37:16,788 - inspyred.ec - DEBUG - replacement using nsga_replacement at generation 5 and evaluation 350
2024-01-06 14:37:16,798 - inspyred.ec - DEBUG - population size is now 50
2024-01-06 14:37:16,798 - inspyred.ec - DEBUG - migration using default_migration at generation 5 and evaluation 350
2024-01-06 14:37:16,798 - inspyred.ec - DEBUG - population size is now 50
2024-01-06 14:37:16,798 - inspyred.ec - DEBUG - archival using best_archiver at generation 5 and evaluation 350
2024-01-06 14:37:16,798 - inspyred.ec - DEBUG - archive size is now 16
2024-01-06 14:37:16,798 - inspyred.ec - DEBUG - population size is now 50
2024-01-06 14:37:16,798 - inspyred.ec - DEBUG - observation using file_observer at generation 6 and evaluation 350
2024-01-06 14:37:16,798 - inspyred.ec - DEBUG - termination test using special_termination at generation 6 and evaluation 350
2024-01-06 14:37:16,798 - inspyred.ec - DEBUG - termination test using generation_termination at generation 6 and evaluation 350
2024-01-06 14:37:16,798 - inspyred.ec - DEBUG - termination test using diversity_termination at generation 6 and evaluation 350
2024-01-06 14:37:16,832 - inspyred.ec - DEBUG - selection using tournament_selection at generation 6 and evaluation 350
2024-01-06 14:37:16,832 - inspyred.ec - DEBUG - selected 50 candidates
2024-01-06 14:37:16,838 - inspyred.ec - DEBUG - variation using n_point_crossover at generation 6 and evaluation 350
2024-01-06 14:37:16,838 - inspyred.ec - DEBUG - variation using random_reset_mutation at generation 6 and evaluation 350
2024-01-06 14:37:16,838 - inspyred.ec - DEBUG - variation using repair_mutation at generation 6 and evaluation 350
2024-01-06 14:37:17,290 - inspyred.ec - DEBUG - created 50 offspring
2024-01-06 14:37:17,290 - inspyred.ec - DEBUG - evaluation using evaluate at generation 6 and evaluation 350
2024-01-06 14:38:08,362 - inspyred.ec - DEBUG - replacement using nsga_replacement at generation 6 and evaluation 400
2024-01-06 14:38:08,385 - inspyred.ec - DEBUG - population size is now 50
2024-01-06 14:38:08,385 - inspyred.ec - DEBUG - migration using default_migration at generation 6 and evaluation 400
2024-01-06 14:38:08,385 - inspyred.ec - DEBUG - population size is now 50
2024-01-06 14:38:08,385 - inspyred.ec - DEBUG - archival using best_archiver at generation 6 and evaluation 400
2024-01-06 14:38:08,390 - inspyred.ec - DEBUG - archive size is now 15
2024-01-06 14:38:08,390 - inspyred.ec - DEBUG - population size is now 50
2024-01-06 14:38:08,390 - inspyred.ec - DEBUG - observation using file_observer at generation 7 and evaluation 400
2024-01-06 14:38:08,395 - inspyred.ec - DEBUG - termination test using special_termination at generation 7 and evaluation 400
2024-01-06 14:38:08,395 - inspyred.ec - DEBUG - termination test using generation_termination at generation 7 and evaluation 400
2024-01-06 14:38:08,395 - inspyred.ec - DEBUG - termination test using diversity_termination at generation 7 and evaluation 400
2024-01-06 14:38:08,428 - inspyred.ec - DEBUG - selection using tournament_selection at generation 7 and evaluation 400
2024-01-06 14:38:08,428 - inspyred.ec - DEBUG - selected 50 candidates
2024-01-06 14:38:08,436 - inspyred.ec - DEBUG - variation using n_point_crossover at generation 7 and evaluation 400
2024-01-06 14:38:08,436 - inspyred.ec - DEBUG - variation using random_reset_mutation at generation 7 and evaluation 400
2024-01-06 14:38:08,436 - inspyred.ec - DEBUG - variation using repair_mutation at generation 7 and evaluation 400
2024-01-06 14:38:08,846 - inspyred.ec - DEBUG - created 50 offspring
2024-01-06 14:38:08,846 - inspyred.ec - DEBUG - evaluation using evaluate at generation 7 and evaluation 400
2024-01-06 14:38:59,344 - inspyred.ec - DEBUG - replacement using nsga_replacement at generation 7 and evaluation 450
2024-01-06 14:38:59,362 - inspyred.ec - DEBUG - population size is now 50
2024-01-06 14:38:59,362 - inspyred.ec - DEBUG - migration using default_migration at generation 7 and evaluation 450
2024-01-06 14:38:59,364 - inspyred.ec - DEBUG - population size is now 50
2024-01-06 14:38:59,364 - inspyred.ec - DEBUG - archival using best_archiver at generation 7 and evaluation 450
2024-01-06 14:38:59,365 - inspyred.ec - DEBUG - archive size is now 18
2024-01-06 14:38:59,365 - inspyred.ec - DEBUG - population size is now 50
2024-01-06 14:38:59,365 - inspyred.ec - DEBUG - observation using file_observer at generation 8 and evaluation 450
2024-01-06 14:38:59,368 - inspyred.ec - DEBUG - termination test using special_termination at generation 8 and evaluation 450
2024-01-06 14:38:59,368 - inspyred.ec - DEBUG - termination test using generation_termination at generation 8 and evaluation 450
2024-01-06 14:38:59,368 - inspyred.ec - DEBUG - termination test using diversity_termination at generation 8 and evaluation 450
2024-01-06 14:38:59,394 - inspyred.ec - DEBUG - selection using tournament_selection at generation 8 and evaluation 450
2024-01-06 14:38:59,395 - inspyred.ec - DEBUG - selected 50 candidates
2024-01-06 14:38:59,400 - inspyred.ec - DEBUG - variation using n_point_crossover at generation 8 and evaluation 450
2024-01-06 14:38:59,400 - inspyred.ec - DEBUG - variation using random_reset_mutation at generation 8 and evaluation 450
2024-01-06 14:38:59,400 - inspyred.ec - DEBUG - variation using repair_mutation at generation 8 and evaluation 450
2024-01-06 14:38:59,861 - inspyred.ec - DEBUG - created 50 offspring
2024-01-06 14:38:59,861 - inspyred.ec - DEBUG - evaluation using evaluate at generation 8 and evaluation 450
2024-01-06 14:39:50,905 - inspyred.ec - DEBUG - replacement using nsga_replacement at generation 8 and evaluation 500
2024-01-06 14:39:50,923 - inspyred.ec - DEBUG - population size is now 50
2024-01-06 14:39:50,923 - inspyred.ec - DEBUG - migration using default_migration at generation 8 and evaluation 500
2024-01-06 14:39:50,923 - inspyred.ec - DEBUG - population size is now 50
2024-01-06 14:39:50,923 - inspyred.ec - DEBUG - archival using best_archiver at generation 8 and evaluation 500
2024-01-06 14:39:50,927 - inspyred.ec - DEBUG - archive size is now 18
2024-01-06 14:39:50,927 - inspyred.ec - DEBUG - population size is now 50
2024-01-06 14:39:50,927 - inspyred.ec - DEBUG - observation using file_observer at generation 9 and evaluation 500
2024-01-06 14:39:50,927 - inspyred.ec - DEBUG - termination test using special_termination at generation 9 and evaluation 500
2024-01-06 14:39:50,927 - inspyred.ec - DEBUG - termination test using generation_termination at generation 9 and evaluation 500
2024-01-06 14:39:50,927 - inspyred.ec - DEBUG - termination test using diversity_termination at generation 9 and evaluation 500
2024-01-06 14:39:50,947 - inspyred.ec - DEBUG - selection using tournament_selection at generation 9 and evaluation 500
2024-01-06 14:39:50,947 - inspyred.ec - DEBUG - selected 50 candidates
2024-01-06 14:39:50,953 - inspyred.ec - DEBUG - variation using n_point_crossover at generation 9 and evaluation 500
2024-01-06 14:39:50,953 - inspyred.ec - DEBUG - variation using random_reset_mutation at generation 9 and evaluation 500
2024-01-06 14:39:50,953 - inspyred.ec - DEBUG - variation using repair_mutation at generation 9 and evaluation 500
2024-01-06 14:39:51,476 - inspyred.ec - DEBUG - created 50 offspring
2024-01-06 14:39:51,476 - inspyred.ec - DEBUG - evaluation using evaluate at generation 9 and evaluation 500
2024-01-06 14:40:42,165 - inspyred.ec - DEBUG - replacement using nsga_replacement at generation 9 and evaluation 550
2024-01-06 14:40:42,178 - inspyred.ec - DEBUG - population size is now 50
2024-01-06 14:40:42,178 - inspyred.ec - DEBUG - migration using default_migration at generation 9 and evaluation 550
2024-01-06 14:40:42,178 - inspyred.ec - DEBUG - population size is now 50
2024-01-06 14:40:42,180 - inspyred.ec - DEBUG - archival using best_archiver at generation 9 and evaluation 550
2024-01-06 14:40:42,184 - inspyred.ec - DEBUG - archive size is now 17
2024-01-06 14:40:42,184 - inspyred.ec - DEBUG - population size is now 50
2024-01-06 14:40:42,184 - inspyred.ec - DEBUG - observation using file_observer at generation 10 and evaluation 550
2024-01-06 14:40:42,186 - inspyred.ec - DEBUG - termination test using special_termination at generation 10 and evaluation 550
2024-01-06 14:40:42,186 - inspyred.ec - DEBUG - termination test using generation_termination at generation 10 and evaluation 550
2024-01-06 14:40:42,186 - inspyred.ec - DEBUG - termination from generation_termination at generation 10 and evaluation 550
