2024-01-06 15:35:46,279 - inspyred.ec - DEBUG - generating initial population
2024-01-06 15:35:47,094 - inspyred.ec - DEBUG - evaluating initial population
2024-01-06 15:36:42,013 - inspyred.ec - DEBUG - population size is now 50
2024-01-06 15:36:42,013 - inspyred.ec - DEBUG - archiving initial population
2024-01-06 15:36:42,013 - inspyred.ec - DEBUG - archive size is now 5
2024-01-06 15:36:42,013 - inspyred.ec - DEBUG - population size is now 50
2024-01-06 15:36:42,013 - inspyred.ec - DEBUG - observation using file_observer at generation 0 and evaluation 50
2024-01-06 15:36:42,013 - inspyred.ec - DEBUG - termination test using special_termination at generation 0 and evaluation 50
2024-01-06 15:36:42,013 - inspyred.ec - DEBUG - termination test using generation_termination at generation 0 and evaluation 50
2024-01-06 15:36:42,013 - inspyred.ec - DEBUG - termination test using diversity_termination at generation 0 and evaluation 50
2024-01-06 15:36:42,042 - inspyred.ec - DEBUG - selection using tournament_selection at generation 0 and evaluation 50
2024-01-06 15:36:42,043 - inspyred.ec - DEBUG - selected 50 candidates
2024-01-06 15:36:42,046 - inspyred.ec - DEBUG - variation using n_point_crossover at generation 0 and evaluation 50
2024-01-06 15:36:42,046 - inspyred.ec - DEBUG - variation using random_reset_mutation at generation 0 and evaluation 50
2024-01-06 15:36:42,046 - inspyred.ec - DEBUG - variation using repair_mutation at generation 0 and evaluation 50
2024-01-06 15:36:42,322 - inspyred.ec - DEBUG - created 50 offspring
2024-01-06 15:36:42,323 - inspyred.ec - DEBUG - evaluation using evaluate at generation 0 and evaluation 50
2024-01-06 15:37:33,608 - inspyred.ec - DEBUG - replacement using nsga_replacement at generation 0 and evaluation 100
2024-01-06 15:37:33,627 - inspyred.ec - DEBUG - population size is now 50
2024-01-06 15:37:33,627 - inspyred.ec - DEBUG - migration using default_migration at generation 0 and evaluation 100
2024-01-06 15:37:33,627 - inspyred.ec - DEBUG - population size is now 50
2024-01-06 15:37:33,627 - inspyred.ec - DEBUG - archival using best_archiver at generation 0 and evaluation 100
2024-01-06 15:37:33,628 - inspyred.ec - DEBUG - archive size is now 9
2024-01-06 15:37:33,628 - inspyred.ec - DEBUG - population size is now 50
2024-01-06 15:37:33,628 - inspyred.ec - DEBUG - observation using file_observer at generation 1 and evaluation 100
2024-01-06 15:37:33,628 - inspyred.ec - DEBUG - termination test using special_termination at generation 1 and evaluation 100
2024-01-06 15:37:33,628 - inspyred.ec - DEBUG - termination test using generation_termination at generation 1 and evaluation 100
2024-01-06 15:37:33,628 - inspyred.ec - DEBUG - termination test using diversity_termination at generation 1 and evaluation 100
2024-01-06 15:37:33,651 - inspyred.ec - DEBUG - selection using tournament_selection at generation 1 and evaluation 100
2024-01-06 15:37:33,651 - inspyred.ec - DEBUG - selected 50 candidates
2024-01-06 15:37:33,651 - inspyred.ec - DEBUG - variation using n_point_crossover at generation 1 and evaluation 100
2024-01-06 15:37:33,651 - inspyred.ec - DEBUG - variation using random_reset_mutation at generation 1 and evaluation 100
2024-01-06 15:37:33,651 - inspyred.ec - DEBUG - variation using repair_mutation at generation 1 and evaluation 100
2024-01-06 15:37:34,059 - inspyred.ec - DEBUG - created 50 offspring
2024-01-06 15:37:34,059 - inspyred.ec - DEBUG - evaluation using evaluate at generation 1 and evaluation 100
2024-01-06 15:38:24,792 - inspyred.ec - DEBUG - replacement using nsga_replacement at generation 1 and evaluation 150
2024-01-06 15:38:24,808 - inspyred.ec - DEBUG - population size is now 50
2024-01-06 15:38:24,808 - inspyred.ec - DEBUG - migration using default_migration at generation 1 and evaluation 150
2024-01-06 15:38:24,808 - inspyred.ec - DEBUG - population size is now 50
2024-01-06 15:38:24,808 - inspyred.ec - DEBUG - archival using best_archiver at generation 1 and evaluation 150
2024-01-06 15:38:24,809 - inspyred.ec - DEBUG - archive size is now 8
2024-01-06 15:38:24,809 - inspyred.ec - DEBUG - population size is now 50
2024-01-06 15:38:24,809 - inspyred.ec - DEBUG - observation using file_observer at generation 2 and evaluation 150
2024-01-06 15:38:24,809 - inspyred.ec - DEBUG - termination test using special_termination at generation 2 and evaluation 150
2024-01-06 15:38:24,812 - inspyred.ec - DEBUG - termination test using generation_termination at generation 2 and evaluation 150
2024-01-06 15:38:24,812 - inspyred.ec - DEBUG - termination test using diversity_termination at generation 2 and evaluation 150
2024-01-06 15:38:24,835 - inspyred.ec - DEBUG - selection using tournament_selection at generation 2 and evaluation 150
2024-01-06 15:38:24,835 - inspyred.ec - DEBUG - selected 50 candidates
2024-01-06 15:38:24,838 - inspyred.ec - DEBUG - variation using n_point_crossover at generation 2 and evaluation 150
2024-01-06 15:38:24,838 - inspyred.ec - DEBUG - variation using random_reset_mutation at generation 2 and evaluation 150
2024-01-06 15:38:24,838 - inspyred.ec - DEBUG - variation using repair_mutation at generation 2 and evaluation 150
2024-01-06 15:38:25,105 - inspyred.ec - DEBUG - created 50 offspring
2024-01-06 15:38:25,105 - inspyred.ec - DEBUG - evaluation using evaluate at generation 2 and evaluation 150
2024-01-06 15:39:15,936 - inspyred.ec - DEBUG - replacement using nsga_replacement at generation 2 and evaluation 200
2024-01-06 15:39:15,960 - inspyred.ec - DEBUG - population size is now 50
2024-01-06 15:39:15,960 - inspyred.ec - DEBUG - migration using default_migration at generation 2 and evaluation 200
2024-01-06 15:39:15,960 - inspyred.ec - DEBUG - population size is now 50
2024-01-06 15:39:15,960 - inspyred.ec - DEBUG - archival using best_archiver at generation 2 and evaluation 200
2024-01-06 15:39:15,960 - inspyred.ec - DEBUG - archive size is now 4
2024-01-06 15:39:15,966 - inspyred.ec - DEBUG - population size is now 50
2024-01-06 15:39:15,966 - inspyred.ec - DEBUG - observation using file_observer at generation 3 and evaluation 200
2024-01-06 15:39:15,966 - inspyred.ec - DEBUG - termination test using special_termination at generation 3 and evaluation 200
2024-01-06 15:39:15,966 - inspyred.ec - DEBUG - termination test using generation_termination at generation 3 and evaluation 200
2024-01-06 15:39:15,966 - inspyred.ec - DEBUG - termination test using diversity_termination at generation 3 and evaluation 200
2024-01-06 15:39:15,986 - inspyred.ec - DEBUG - selection using tournament_selection at generation 3 and evaluation 200
2024-01-06 15:39:15,986 - inspyred.ec - DEBUG - selected 50 candidates
2024-01-06 15:39:15,986 - inspyred.ec - DEBUG - variation using n_point_crossover at generation 3 and evaluation 200
2024-01-06 15:39:15,986 - inspyred.ec - DEBUG - variation using random_reset_mutation at generation 3 and evaluation 200
2024-01-06 15:39:15,986 - inspyred.ec - DEBUG - variation using repair_mutation at generation 3 and evaluation 200
2024-01-06 15:39:16,407 - inspyred.ec - DEBUG - created 50 offspring
2024-01-06 15:39:16,407 - inspyred.ec - DEBUG - evaluation using evaluate at generation 3 and evaluation 200
2024-01-06 15:40:06,854 - inspyred.ec - DEBUG - replacement using nsga_replacement at generation 3 and evaluation 250
2024-01-06 15:40:06,871 - inspyred.ec - DEBUG - population size is now 50
2024-01-06 15:40:06,871 - inspyred.ec - DEBUG - migration using default_migration at generation 3 and evaluation 250
2024-01-06 15:40:06,871 - inspyred.ec - DEBUG - population size is now 50
2024-01-06 15:40:06,871 - inspyred.ec - DEBUG - archival using best_archiver at generation 3 and evaluation 250
2024-01-06 15:40:06,871 - inspyred.ec - DEBUG - archive size is now 5
2024-01-06 15:40:06,871 - inspyred.ec - DEBUG - population size is now 50
2024-01-06 15:40:06,871 - inspyred.ec - DEBUG - observation using file_observer at generation 4 and evaluation 250
2024-01-06 15:40:06,874 - inspyred.ec - DEBUG - termination test using special_termination at generation 4 and evaluation 250
2024-01-06 15:40:06,874 - inspyred.ec - DEBUG - termination test using generation_termination at generation 4 and evaluation 250
2024-01-06 15:40:06,874 - inspyred.ec - DEBUG - termination test using diversity_termination at generation 4 and evaluation 250
2024-01-06 15:40:06,898 - inspyred.ec - DEBUG - selection using tournament_selection at generation 4 and evaluation 250
2024-01-06 15:40:06,898 - inspyred.ec - DEBUG - selected 50 candidates
2024-01-06 15:40:06,898 - inspyred.ec - DEBUG - variation using n_point_crossover at generation 4 and evaluation 250
2024-01-06 15:40:06,898 - inspyred.ec - DEBUG - variation using random_reset_mutation at generation 4 and evaluation 250
2024-01-06 15:40:06,898 - inspyred.ec - DEBUG - variation using repair_mutation at generation 4 and evaluation 250
2024-01-06 15:40:07,357 - inspyred.ec - DEBUG - created 50 offspring
2024-01-06 15:40:07,357 - inspyred.ec - DEBUG - evaluation using evaluate at generation 4 and evaluation 250
2024-01-06 15:40:57,930 - inspyred.ec - DEBUG - replacement using nsga_replacement at generation 4 and evaluation 300
2024-01-06 15:40:57,947 - inspyred.ec - DEBUG - population size is now 50
2024-01-06 15:40:57,947 - inspyred.ec - DEBUG - migration using default_migration at generation 4 and evaluation 300
2024-01-06 15:40:57,947 - inspyred.ec - DEBUG - population size is now 50
2024-01-06 15:40:57,947 - inspyred.ec - DEBUG - archival using best_archiver at generation 4 and evaluation 300
2024-01-06 15:40:57,947 - inspyred.ec - DEBUG - archive size is now 7
2024-01-06 15:40:57,947 - inspyred.ec - DEBUG - population size is now 50
2024-01-06 15:40:57,947 - inspyred.ec - DEBUG - observation using file_observer at generation 5 and evaluation 300
2024-01-06 15:40:57,950 - inspyred.ec - DEBUG - termination test using special_termination at generation 5 and evaluation 300
2024-01-06 15:40:57,950 - inspyred.ec - DEBUG - termination test using generation_termination at generation 5 and evaluation 300
2024-01-06 15:40:57,950 - inspyred.ec - DEBUG - termination test using diversity_termination at generation 5 and evaluation 300
2024-01-06 15:40:57,974 - inspyred.ec - DEBUG - selection using tournament_selection at generation 5 and evaluation 300
2024-01-06 15:40:57,974 - inspyred.ec - DEBUG - selected 50 candidates
2024-01-06 15:40:57,976 - inspyred.ec - DEBUG - variation using n_point_crossover at generation 5 and evaluation 300
2024-01-06 15:40:57,976 - inspyred.ec - DEBUG - variation using random_reset_mutation at generation 5 and evaluation 300
2024-01-06 15:40:57,976 - inspyred.ec - DEBUG - variation using repair_mutation at generation 5 and evaluation 300
2024-01-06 15:40:58,421 - inspyred.ec - DEBUG - created 50 offspring
2024-01-06 15:40:58,421 - inspyred.ec - DEBUG - evaluation using evaluate at generation 5 and evaluation 300
2024-01-06 15:41:49,115 - inspyred.ec - DEBUG - replacement using nsga_replacement at generation 5 and evaluation 350
2024-01-06 15:41:49,131 - inspyred.ec - DEBUG - population size is now 50
2024-01-06 15:41:49,131 - inspyred.ec - DEBUG - migration using default_migration at generation 5 and evaluation 350
2024-01-06 15:41:49,131 - inspyred.ec - DEBUG - population size is now 50
2024-01-06 15:41:49,131 - inspyred.ec - DEBUG - archival using best_archiver at generation 5 and evaluation 350
2024-01-06 15:41:49,131 - inspyred.ec - DEBUG - archive size is now 8
2024-01-06 15:41:49,131 - inspyred.ec - DEBUG - population size is now 50
2024-01-06 15:41:49,131 - inspyred.ec - DEBUG - observation using file_observer at generation 6 and evaluation 350
2024-01-06 15:41:49,134 - inspyred.ec - DEBUG - termination test using special_termination at generation 6 and evaluation 350
2024-01-06 15:41:49,134 - inspyred.ec - DEBUG - termination test using generation_termination at generation 6 and evaluation 350
2024-01-06 15:41:49,134 - inspyred.ec - DEBUG - termination test using diversity_termination at generation 6 and evaluation 350
2024-01-06 15:41:49,154 - inspyred.ec - DEBUG - selection using tournament_selection at generation 6 and evaluation 350
2024-01-06 15:41:49,154 - inspyred.ec - DEBUG - selected 50 candidates
2024-01-06 15:41:49,163 - inspyred.ec - DEBUG - variation using n_point_crossover at generation 6 and evaluation 350
2024-01-06 15:41:49,163 - inspyred.ec - DEBUG - variation using random_reset_mutation at generation 6 and evaluation 350
2024-01-06 15:41:49,163 - inspyred.ec - DEBUG - variation using repair_mutation at generation 6 and evaluation 350
2024-01-06 15:41:49,642 - inspyred.ec - DEBUG - created 50 offspring
2024-01-06 15:41:49,642 - inspyred.ec - DEBUG - evaluation using evaluate at generation 6 and evaluation 350
2024-01-06 15:42:40,359 - inspyred.ec - DEBUG - replacement using nsga_replacement at generation 6 and evaluation 400
2024-01-06 15:42:40,367 - inspyred.ec - DEBUG - population size is now 50
2024-01-06 15:42:40,367 - inspyred.ec - DEBUG - migration using default_migration at generation 6 and evaluation 400
2024-01-06 15:42:40,367 - inspyred.ec - DEBUG - population size is now 50
2024-01-06 15:42:40,367 - inspyred.ec - DEBUG - archival using best_archiver at generation 6 and evaluation 400
2024-01-06 15:42:40,367 - inspyred.ec - DEBUG - archive size is now 7
2024-01-06 15:42:40,367 - inspyred.ec - DEBUG - population size is now 50
2024-01-06 15:42:40,367 - inspyred.ec - DEBUG - observation using file_observer at generation 7 and evaluation 400
2024-01-06 15:42:40,367 - inspyred.ec - DEBUG - termination test using special_termination at generation 7 and evaluation 400
2024-01-06 15:42:40,367 - inspyred.ec - DEBUG - termination test using generation_termination at generation 7 and evaluation 400
2024-01-06 15:42:40,367 - inspyred.ec - DEBUG - termination test using diversity_termination at generation 7 and evaluation 400
2024-01-06 15:42:40,400 - inspyred.ec - DEBUG - selection using tournament_selection at generation 7 and evaluation 400
2024-01-06 15:42:40,401 - inspyred.ec - DEBUG - selected 50 candidates
2024-01-06 15:42:40,404 - inspyred.ec - DEBUG - variation using n_point_crossover at generation 7 and evaluation 400
2024-01-06 15:42:40,404 - inspyred.ec - DEBUG - variation using random_reset_mutation at generation 7 and evaluation 400
2024-01-06 15:42:40,404 - inspyred.ec - DEBUG - variation using repair_mutation at generation 7 and evaluation 400
2024-01-06 15:42:40,901 - inspyred.ec - DEBUG - created 50 offspring
2024-01-06 15:42:40,901 - inspyred.ec - DEBUG - evaluation using evaluate at generation 7 and evaluation 400
2024-01-06 15:43:31,640 - inspyred.ec - DEBUG - replacement using nsga_replacement at generation 7 and evaluation 450
2024-01-06 15:43:31,654 - inspyred.ec - DEBUG - population size is now 50
2024-01-06 15:43:31,654 - inspyred.ec - DEBUG - migration using default_migration at generation 7 and evaluation 450
2024-01-06 15:43:31,654 - inspyred.ec - DEBUG - population size is now 50
2024-01-06 15:43:31,654 - inspyred.ec - DEBUG - archival using best_archiver at generation 7 and evaluation 450
2024-01-06 15:43:31,657 - inspyred.ec - DEBUG - archive size is now 10
2024-01-06 15:43:31,657 - inspyred.ec - DEBUG - population size is now 50
2024-01-06 15:43:31,657 - inspyred.ec - DEBUG - observation using file_observer at generation 8 and evaluation 450
2024-01-06 15:43:31,657 - inspyred.ec - DEBUG - termination test using special_termination at generation 8 and evaluation 450
2024-01-06 15:43:31,657 - inspyred.ec - DEBUG - termination test using generation_termination at generation 8 and evaluation 450
2024-01-06 15:43:31,657 - inspyred.ec - DEBUG - termination test using diversity_termination at generation 8 and evaluation 450
2024-01-06 15:43:31,680 - inspyred.ec - DEBUG - selection using tournament_selection at generation 8 and evaluation 450
2024-01-06 15:43:31,683 - inspyred.ec - DEBUG - selected 50 candidates
2024-01-06 15:43:31,684 - inspyred.ec - DEBUG - variation using n_point_crossover at generation 8 and evaluation 450
2024-01-06 15:43:31,684 - inspyred.ec - DEBUG - variation using random_reset_mutation at generation 8 and evaluation 450
2024-01-06 15:43:31,684 - inspyred.ec - DEBUG - variation using repair_mutation at generation 8 and evaluation 450
2024-01-06 15:43:32,234 - inspyred.ec - DEBUG - created 50 offspring
2024-01-06 15:43:32,236 - inspyred.ec - DEBUG - evaluation using evaluate at generation 8 and evaluation 450
2024-01-06 15:44:22,552 - inspyred.ec - DEBUG - replacement using nsga_replacement at generation 8 and evaluation 500
2024-01-06 15:44:22,571 - inspyred.ec - DEBUG - population size is now 50
2024-01-06 15:44:22,571 - inspyred.ec - DEBUG - migration using default_migration at generation 8 and evaluation 500
2024-01-06 15:44:22,571 - inspyred.ec - DEBUG - population size is now 50
2024-01-06 15:44:22,571 - inspyred.ec - DEBUG - archival using best_archiver at generation 8 and evaluation 500
2024-01-06 15:44:22,572 - inspyred.ec - DEBUG - archive size is now 10
2024-01-06 15:44:22,572 - inspyred.ec - DEBUG - population size is now 50
2024-01-06 15:44:22,572 - inspyred.ec - DEBUG - observation using file_observer at generation 9 and evaluation 500
2024-01-06 15:44:22,575 - inspyred.ec - DEBUG - termination test using special_termination at generation 9 and evaluation 500
2024-01-06 15:44:22,575 - inspyred.ec - DEBUG - termination test using generation_termination at generation 9 and evaluation 500
2024-01-06 15:44:22,575 - inspyred.ec - DEBUG - termination test using diversity_termination at generation 9 and evaluation 500
2024-01-06 15:44:22,592 - inspyred.ec - DEBUG - selection using tournament_selection at generation 9 and evaluation 500
2024-01-06 15:44:22,592 - inspyred.ec - DEBUG - selected 50 candidates
2024-01-06 15:44:22,592 - inspyred.ec - DEBUG - variation using n_point_crossover at generation 9 and evaluation 500
2024-01-06 15:44:22,592 - inspyred.ec - DEBUG - variation using random_reset_mutation at generation 9 and evaluation 500
2024-01-06 15:44:22,592 - inspyred.ec - DEBUG - variation using repair_mutation at generation 9 and evaluation 500
2024-01-06 15:44:23,065 - inspyred.ec - DEBUG - created 50 offspring
2024-01-06 15:44:23,065 - inspyred.ec - DEBUG - evaluation using evaluate at generation 9 and evaluation 500
2024-01-06 15:45:13,536 - inspyred.ec - DEBUG - replacement using nsga_replacement at generation 9 and evaluation 550
2024-01-06 15:45:13,546 - inspyred.ec - DEBUG - population size is now 50
2024-01-06 15:45:13,546 - inspyred.ec - DEBUG - migration using default_migration at generation 9 and evaluation 550
2024-01-06 15:45:13,546 - inspyred.ec - DEBUG - population size is now 50
2024-01-06 15:45:13,546 - inspyred.ec - DEBUG - archival using best_archiver at generation 9 and evaluation 550
2024-01-06 15:45:13,546 - inspyred.ec - DEBUG - archive size is now 4
2024-01-06 15:45:13,546 - inspyred.ec - DEBUG - population size is now 50
2024-01-06 15:45:13,546 - inspyred.ec - DEBUG - observation using file_observer at generation 10 and evaluation 550
2024-01-06 15:45:13,546 - inspyred.ec - DEBUG - termination test using special_termination at generation 10 and evaluation 550
2024-01-06 15:45:13,546 - inspyred.ec - DEBUG - termination test using generation_termination at generation 10 and evaluation 550
2024-01-06 15:45:13,546 - inspyred.ec - DEBUG - termination from generation_termination at generation 10 and evaluation 550
