2024-01-06 16:12:56,311 - inspyred.ec - DEBUG - generating initial population
2024-01-06 16:12:57,092 - inspyred.ec - DEBUG - evaluating initial population
2024-01-06 16:13:51,573 - inspyred.ec - DEBUG - population size is now 50
2024-01-06 16:13:51,573 - inspyred.ec - DEBUG - archiving initial population
2024-01-06 16:13:51,573 - inspyred.ec - DEBUG - archive size is now 9
2024-01-06 16:13:51,573 - inspyred.ec - DEBUG - population size is now 50
2024-01-06 16:13:51,573 - inspyred.ec - DEBUG - observation using file_observer at generation 0 and evaluation 50
2024-01-06 16:13:51,582 - inspyred.ec - DEBUG - termination test using special_termination at generation 0 and evaluation 50
2024-01-06 16:13:51,582 - inspyred.ec - DEBUG - termination test using generation_termination at generation 0 and evaluation 50
2024-01-06 16:13:51,582 - inspyred.ec - DEBUG - termination test using diversity_termination at generation 0 and evaluation 50
2024-01-06 16:13:51,607 - inspyred.ec - DEBUG - selection using tournament_selection at generation 0 and evaluation 50
2024-01-06 16:13:51,608 - inspyred.ec - DEBUG - selected 50 candidates
2024-01-06 16:13:51,609 - inspyred.ec - DEBUG - variation using n_point_crossover at generation 0 and evaluation 50
2024-01-06 16:13:51,609 - inspyred.ec - DEBUG - variation using random_reset_mutation at generation 0 and evaluation 50
2024-01-06 16:13:51,609 - inspyred.ec - DEBUG - variation using repair_mutation at generation 0 and evaluation 50
2024-01-06 16:13:51,999 - inspyred.ec - DEBUG - created 50 offspring
2024-01-06 16:13:51,999 - inspyred.ec - DEBUG - evaluation using evaluate at generation 0 and evaluation 50
2024-01-06 16:14:43,588 - inspyred.ec - DEBUG - replacement using nsga_replacement at generation 0 and evaluation 100
2024-01-06 16:14:43,599 - inspyred.ec - DEBUG - population size is now 50
2024-01-06 16:14:43,599 - inspyred.ec - DEBUG - migration using default_migration at generation 0 and evaluation 100
2024-01-06 16:14:43,599 - inspyred.ec - DEBUG - population size is now 50
2024-01-06 16:14:43,599 - inspyred.ec - DEBUG - archival using best_archiver at generation 0 and evaluation 100
2024-01-06 16:14:43,604 - inspyred.ec - DEBUG - archive size is now 11
2024-01-06 16:14:43,604 - inspyred.ec - DEBUG - population size is now 50
2024-01-06 16:14:43,604 - inspyred.ec - DEBUG - observation using file_observer at generation 1 and evaluation 100
2024-01-06 16:14:43,607 - inspyred.ec - DEBUG - termination test using special_termination at generation 1 and evaluation 100
2024-01-06 16:14:43,607 - inspyred.ec - DEBUG - termination test using generation_termination at generation 1 and evaluation 100
2024-01-06 16:14:43,607 - inspyred.ec - DEBUG - termination test using diversity_termination at generation 1 and evaluation 100
2024-01-06 16:14:43,645 - inspyred.ec - DEBUG - selection using tournament_selection at generation 1 and evaluation 100
2024-01-06 16:14:43,645 - inspyred.ec - DEBUG - selected 50 candidates
2024-01-06 16:14:43,645 - inspyred.ec - DEBUG - variation using n_point_crossover at generation 1 and evaluation 100
2024-01-06 16:14:43,645 - inspyred.ec - DEBUG - variation using random_reset_mutation at generation 1 and evaluation 100
2024-01-06 16:14:43,645 - inspyred.ec - DEBUG - variation using repair_mutation at generation 1 and evaluation 100
2024-01-06 16:14:44,117 - inspyred.ec - DEBUG - created 50 offspring
2024-01-06 16:14:44,117 - inspyred.ec - DEBUG - evaluation using evaluate at generation 1 and evaluation 100
2024-01-06 16:15:34,723 - inspyred.ec - DEBUG - replacement using nsga_replacement at generation 1 and evaluation 150
2024-01-06 16:15:34,726 - inspyred.ec - DEBUG - population size is now 50
2024-01-06 16:15:34,726 - inspyred.ec - DEBUG - migration using default_migration at generation 1 and evaluation 150
2024-01-06 16:15:34,726 - inspyred.ec - DEBUG - population size is now 50
2024-01-06 16:15:34,726 - inspyred.ec - DEBUG - archival using best_archiver at generation 1 and evaluation 150
2024-01-06 16:15:34,736 - inspyred.ec - DEBUG - archive size is now 12
2024-01-06 16:15:34,736 - inspyred.ec - DEBUG - population size is now 50
2024-01-06 16:15:34,736 - inspyred.ec - DEBUG - observation using file_observer at generation 2 and evaluation 150
2024-01-06 16:15:34,739 - inspyred.ec - DEBUG - termination test using special_termination at generation 2 and evaluation 150
2024-01-06 16:15:34,739 - inspyred.ec - DEBUG - termination test using generation_termination at generation 2 and evaluation 150
2024-01-06 16:15:34,739 - inspyred.ec - DEBUG - termination test using diversity_termination at generation 2 and evaluation 150
2024-01-06 16:15:34,763 - inspyred.ec - DEBUG - selection using tournament_selection at generation 2 and evaluation 150
2024-01-06 16:15:34,763 - inspyred.ec - DEBUG - selected 50 candidates
2024-01-06 16:15:34,766 - inspyred.ec - DEBUG - variation using n_point_crossover at generation 2 and evaluation 150
2024-01-06 16:15:34,766 - inspyred.ec - DEBUG - variation using random_reset_mutation at generation 2 and evaluation 150
2024-01-06 16:15:34,766 - inspyred.ec - DEBUG - variation using repair_mutation at generation 2 and evaluation 150
2024-01-06 16:15:35,394 - inspyred.ec - DEBUG - created 50 offspring
2024-01-06 16:15:35,394 - inspyred.ec - DEBUG - evaluation using evaluate at generation 2 and evaluation 150
2024-01-06 16:16:26,506 - inspyred.ec - DEBUG - replacement using nsga_replacement at generation 2 and evaluation 200
2024-01-06 16:16:26,519 - inspyred.ec - DEBUG - population size is now 50
2024-01-06 16:16:26,519 - inspyred.ec - DEBUG - migration using default_migration at generation 2 and evaluation 200
2024-01-06 16:16:26,519 - inspyred.ec - DEBUG - population size is now 50
2024-01-06 16:16:26,519 - inspyred.ec - DEBUG - archival using best_archiver at generation 2 and evaluation 200
2024-01-06 16:16:26,519 - inspyred.ec - DEBUG - archive size is now 7
2024-01-06 16:16:26,519 - inspyred.ec - DEBUG - population size is now 50
2024-01-06 16:16:26,519 - inspyred.ec - DEBUG - observation using file_observer at generation 3 and evaluation 200
2024-01-06 16:16:26,522 - inspyred.ec - DEBUG - termination test using special_termination at generation 3 and evaluation 200
2024-01-06 16:16:26,522 - inspyred.ec - DEBUG - termination test using generation_termination at generation 3 and evaluation 200
2024-01-06 16:16:26,522 - inspyred.ec - DEBUG - termination test using diversity_termination at generation 3 and evaluation 200
2024-01-06 16:16:26,546 - inspyred.ec - DEBUG - selection using tournament_selection at generation 3 and evaluation 200
2024-01-06 16:16:26,546 - inspyred.ec - DEBUG - selected 50 candidates
2024-01-06 16:16:26,549 - inspyred.ec - DEBUG - variation using n_point_crossover at generation 3 and evaluation 200
2024-01-06 16:16:26,549 - inspyred.ec - DEBUG - variation using random_reset_mutation at generation 3 and evaluation 200
2024-01-06 16:16:26,549 - inspyred.ec - DEBUG - variation using repair_mutation at generation 3 and evaluation 200
2024-01-06 16:16:26,917 - inspyred.ec - DEBUG - created 50 offspring
2024-01-06 16:16:26,917 - inspyred.ec - DEBUG - evaluation using evaluate at generation 3 and evaluation 200
2024-01-06 16:17:18,038 - inspyred.ec - DEBUG - replacement using nsga_replacement at generation 3 and evaluation 250
2024-01-06 16:17:18,061 - inspyred.ec - DEBUG - population size is now 50
2024-01-06 16:17:18,061 - inspyred.ec - DEBUG - migration using default_migration at generation 3 and evaluation 250
2024-01-06 16:17:18,061 - inspyred.ec - DEBUG - population size is now 50
2024-01-06 16:17:18,061 - inspyred.ec - DEBUG - archival using best_archiver at generation 3 and evaluation 250
2024-01-06 16:17:18,062 - inspyred.ec - DEBUG - archive size is now 7
2024-01-06 16:17:18,062 - inspyred.ec - DEBUG - population size is now 50
2024-01-06 16:17:18,062 - inspyred.ec - DEBUG - observation using file_observer at generation 4 and evaluation 250
2024-01-06 16:17:18,063 - inspyred.ec - DEBUG - termination test using special_termination at generation 4 and evaluation 250
2024-01-06 16:17:18,063 - inspyred.ec - DEBUG - termination test using generation_termination at generation 4 and evaluation 250
2024-01-06 16:17:18,063 - inspyred.ec - DEBUG - termination test using diversity_termination at generation 4 and evaluation 250
2024-01-06 16:17:18,095 - inspyred.ec - DEBUG - selection using tournament_selection at generation 4 and evaluation 250
2024-01-06 16:17:18,095 - inspyred.ec - DEBUG - selected 50 candidates
2024-01-06 16:17:18,099 - inspyred.ec - DEBUG - variation using n_point_crossover at generation 4 and evaluation 250
2024-01-06 16:17:18,099 - inspyred.ec - DEBUG - variation using random_reset_mutation at generation 4 and evaluation 250
2024-01-06 16:17:18,099 - inspyred.ec - DEBUG - variation using repair_mutation at generation 4 and evaluation 250
2024-01-06 16:17:18,562 - inspyred.ec - DEBUG - created 50 offspring
2024-01-06 16:17:18,562 - inspyred.ec - DEBUG - evaluation using evaluate at generation 4 and evaluation 250
2024-01-06 16:18:10,391 - inspyred.ec - DEBUG - replacement using nsga_replacement at generation 4 and evaluation 300
2024-01-06 16:18:10,411 - inspyred.ec - DEBUG - population size is now 50
2024-01-06 16:18:10,411 - inspyred.ec - DEBUG - migration using default_migration at generation 4 and evaluation 300
2024-01-06 16:18:10,411 - inspyred.ec - DEBUG - population size is now 50
2024-01-06 16:18:10,411 - inspyred.ec - DEBUG - archival using best_archiver at generation 4 and evaluation 300
2024-01-06 16:18:10,411 - inspyred.ec - DEBUG - archive size is now 6
2024-01-06 16:18:10,411 - inspyred.ec - DEBUG - population size is now 50
2024-01-06 16:18:10,411 - inspyred.ec - DEBUG - observation using file_observer at generation 5 and evaluation 300
2024-01-06 16:18:10,411 - inspyred.ec - DEBUG - termination test using special_termination at generation 5 and evaluation 300
2024-01-06 16:18:10,411 - inspyred.ec - DEBUG - termination test using generation_termination at generation 5 and evaluation 300
2024-01-06 16:18:10,411 - inspyred.ec - DEBUG - termination test using diversity_termination at generation 5 and evaluation 300
2024-01-06 16:18:10,440 - inspyred.ec - DEBUG - selection using tournament_selection at generation 5 and evaluation 300
2024-01-06 16:18:10,440 - inspyred.ec - DEBUG - selected 50 candidates
2024-01-06 16:18:10,444 - inspyred.ec - DEBUG - variation using n_point_crossover at generation 5 and evaluation 300
2024-01-06 16:18:10,444 - inspyred.ec - DEBUG - variation using random_reset_mutation at generation 5 and evaluation 300
2024-01-06 16:18:10,444 - inspyred.ec - DEBUG - variation using repair_mutation at generation 5 and evaluation 300
2024-01-06 16:18:10,865 - inspyred.ec - DEBUG - created 50 offspring
2024-01-06 16:18:10,865 - inspyred.ec - DEBUG - evaluation using evaluate at generation 5 and evaluation 300
2024-01-06 16:19:01,747 - inspyred.ec - DEBUG - replacement using nsga_replacement at generation 5 and evaluation 350
2024-01-06 16:19:01,763 - inspyred.ec - DEBUG - population size is now 50
2024-01-06 16:19:01,763 - inspyred.ec - DEBUG - migration using default_migration at generation 5 and evaluation 350
2024-01-06 16:19:01,763 - inspyred.ec - DEBUG - population size is now 50
2024-01-06 16:19:01,763 - inspyred.ec - DEBUG - archival using best_archiver at generation 5 and evaluation 350
2024-01-06 16:19:01,763 - inspyred.ec - DEBUG - archive size is now 8
2024-01-06 16:19:01,763 - inspyred.ec - DEBUG - population size is now 50
2024-01-06 16:19:01,763 - inspyred.ec - DEBUG - observation using file_observer at generation 6 and evaluation 350
2024-01-06 16:19:01,763 - inspyred.ec - DEBUG - termination test using special_termination at generation 6 and evaluation 350
2024-01-06 16:19:01,763 - inspyred.ec - DEBUG - termination test using generation_termination at generation 6 and evaluation 350
2024-01-06 16:19:01,763 - inspyred.ec - DEBUG - termination test using diversity_termination at generation 6 and evaluation 350
2024-01-06 16:19:01,792 - inspyred.ec - DEBUG - selection using tournament_selection at generation 6 and evaluation 350
2024-01-06 16:19:01,793 - inspyred.ec - DEBUG - selected 50 candidates
2024-01-06 16:19:01,796 - inspyred.ec - DEBUG - variation using n_point_crossover at generation 6 and evaluation 350
2024-01-06 16:19:01,796 - inspyred.ec - DEBUG - variation using random_reset_mutation at generation 6 and evaluation 350
2024-01-06 16:19:01,796 - inspyred.ec - DEBUG - variation using repair_mutation at generation 6 and evaluation 350
2024-01-06 16:19:02,266 - inspyred.ec - DEBUG - created 50 offspring
2024-01-06 16:19:02,266 - inspyred.ec - DEBUG - evaluation using evaluate at generation 6 and evaluation 350
2024-01-06 16:19:52,760 - inspyred.ec - DEBUG - replacement using nsga_replacement at generation 6 and evaluation 400
2024-01-06 16:19:52,773 - inspyred.ec - DEBUG - population size is now 50
2024-01-06 16:19:52,773 - inspyred.ec - DEBUG - migration using default_migration at generation 6 and evaluation 400
2024-01-06 16:19:52,773 - inspyred.ec - DEBUG - population size is now 50
2024-01-06 16:19:52,773 - inspyred.ec - DEBUG - archival using best_archiver at generation 6 and evaluation 400
2024-01-06 16:19:52,773 - inspyred.ec - DEBUG - archive size is now 12
2024-01-06 16:19:52,773 - inspyred.ec - DEBUG - population size is now 50
2024-01-06 16:19:52,773 - inspyred.ec - DEBUG - observation using file_observer at generation 7 and evaluation 400
2024-01-06 16:19:52,776 - inspyred.ec - DEBUG - termination test using special_termination at generation 7 and evaluation 400
2024-01-06 16:19:52,776 - inspyred.ec - DEBUG - termination test using generation_termination at generation 7 and evaluation 400
2024-01-06 16:19:52,776 - inspyred.ec - DEBUG - termination test using diversity_termination at generation 7 and evaluation 400
2024-01-06 16:19:52,799 - inspyred.ec - DEBUG - selection using tournament_selection at generation 7 and evaluation 400
2024-01-06 16:19:52,799 - inspyred.ec - DEBUG - selected 50 candidates
2024-01-06 16:19:52,799 - inspyred.ec - DEBUG - variation using n_point_crossover at generation 7 and evaluation 400
2024-01-06 16:19:52,803 - inspyred.ec - DEBUG - variation using random_reset_mutation at generation 7 and evaluation 400
2024-01-06 16:19:52,803 - inspyred.ec - DEBUG - variation using repair_mutation at generation 7 and evaluation 400
2024-01-06 16:19:53,256 - inspyred.ec - DEBUG - created 50 offspring
2024-01-06 16:19:53,256 - inspyred.ec - DEBUG - evaluation using evaluate at generation 7 and evaluation 400
2024-01-06 16:20:43,450 - inspyred.ec - DEBUG - replacement using nsga_replacement at generation 7 and evaluation 450
2024-01-06 16:20:43,460 - inspyred.ec - DEBUG - population size is now 50
2024-01-06 16:20:43,460 - inspyred.ec - DEBUG - migration using default_migration at generation 7 and evaluation 450
2024-01-06 16:20:43,464 - inspyred.ec - DEBUG - population size is now 50
2024-01-06 16:20:43,464 - inspyred.ec - DEBUG - archival using best_archiver at generation 7 and evaluation 450
2024-01-06 16:20:43,467 - inspyred.ec - DEBUG - archive size is now 8
2024-01-06 16:20:43,467 - inspyred.ec - DEBUG - population size is now 50
2024-01-06 16:20:43,467 - inspyred.ec - DEBUG - observation using file_observer at generation 8 and evaluation 450
2024-01-06 16:20:43,470 - inspyred.ec - DEBUG - termination test using special_termination at generation 8 and evaluation 450
2024-01-06 16:20:43,470 - inspyred.ec - DEBUG - termination test using generation_termination at generation 8 and evaluation 450
2024-01-06 16:20:43,470 - inspyred.ec - DEBUG - termination test using diversity_termination at generation 8 and evaluation 450
2024-01-06 16:20:43,494 - inspyred.ec - DEBUG - selection using tournament_selection at generation 8 and evaluation 450
2024-01-06 16:20:43,494 - inspyred.ec - DEBUG - selected 50 candidates
2024-01-06 16:20:43,494 - inspyred.ec - DEBUG - variation using n_point_crossover at generation 8 and evaluation 450
2024-01-06 16:20:43,494 - inspyred.ec - DEBUG - variation using random_reset_mutation at generation 8 and evaluation 450
2024-01-06 16:20:43,494 - inspyred.ec - DEBUG - variation using repair_mutation at generation 8 and evaluation 450
2024-01-06 16:20:43,878 - inspyred.ec - DEBUG - created 50 offspring
2024-01-06 16:20:43,878 - inspyred.ec - DEBUG - evaluation using evaluate at generation 8 and evaluation 450
2024-01-06 16:21:34,226 - inspyred.ec - DEBUG - replacement using nsga_replacement at generation 8 and evaluation 500
2024-01-06 16:21:34,242 - inspyred.ec - DEBUG - population size is now 50
2024-01-06 16:21:34,242 - inspyred.ec - DEBUG - migration using default_migration at generation 8 and evaluation 500
2024-01-06 16:21:34,242 - inspyred.ec - DEBUG - population size is now 50
2024-01-06 16:21:34,242 - inspyred.ec - DEBUG - archival using best_archiver at generation 8 and evaluation 500
2024-01-06 16:21:34,244 - inspyred.ec - DEBUG - archive size is now 11
2024-01-06 16:21:34,244 - inspyred.ec - DEBUG - population size is now 50
2024-01-06 16:21:34,244 - inspyred.ec - DEBUG - observation using file_observer at generation 9 and evaluation 500
2024-01-06 16:21:34,247 - inspyred.ec - DEBUG - termination test using special_termination at generation 9 and evaluation 500
2024-01-06 16:21:34,247 - inspyred.ec - DEBUG - termination test using generation_termination at generation 9 and evaluation 500
2024-01-06 16:21:34,247 - inspyred.ec - DEBUG - termination test using diversity_termination at generation 9 and evaluation 500
2024-01-06 16:21:34,267 - inspyred.ec - DEBUG - selection using tournament_selection at generation 9 and evaluation 500
2024-01-06 16:21:34,267 - inspyred.ec - DEBUG - selected 50 candidates
2024-01-06 16:21:34,267 - inspyred.ec - DEBUG - variation using n_point_crossover at generation 9 and evaluation 500
2024-01-06 16:21:34,267 - inspyred.ec - DEBUG - variation using random_reset_mutation at generation 9 and evaluation 500
2024-01-06 16:21:34,267 - inspyred.ec - DEBUG - variation using repair_mutation at generation 9 and evaluation 500
2024-01-06 16:21:34,763 - inspyred.ec - DEBUG - created 50 offspring
2024-01-06 16:21:34,763 - inspyred.ec - DEBUG - evaluation using evaluate at generation 9 and evaluation 500
2024-01-06 16:22:24,568 - inspyred.ec - DEBUG - replacement using nsga_replacement at generation 9 and evaluation 550
2024-01-06 16:22:24,589 - inspyred.ec - DEBUG - population size is now 50
2024-01-06 16:22:24,589 - inspyred.ec - DEBUG - migration using default_migration at generation 9 and evaluation 550
2024-01-06 16:22:24,589 - inspyred.ec - DEBUG - population size is now 50
2024-01-06 16:22:24,589 - inspyred.ec - DEBUG - archival using best_archiver at generation 9 and evaluation 550
2024-01-06 16:22:24,592 - inspyred.ec - DEBUG - archive size is now 11
2024-01-06 16:22:24,592 - inspyred.ec - DEBUG - population size is now 50
2024-01-06 16:22:24,592 - inspyred.ec - DEBUG - observation using file_observer at generation 10 and evaluation 550
2024-01-06 16:22:24,592 - inspyred.ec - DEBUG - termination test using special_termination at generation 10 and evaluation 550
2024-01-06 16:22:24,592 - inspyred.ec - DEBUG - termination test using generation_termination at generation 10 and evaluation 550
2024-01-06 16:22:24,592 - inspyred.ec - DEBUG - termination from generation_termination at generation 10 and evaluation 550
