2024-01-06 14:26:14,058 - inspyred.ec - DEBUG - generating initial population
2024-01-06 14:26:14,180 - inspyred.ec - DEBUG - evaluating initial population
2024-01-06 14:26:26,480 - inspyred.ec - DEBUG - population size is now 10
2024-01-06 14:26:26,482 - inspyred.ec - DEBUG - archiving initial population
2024-01-06 14:26:26,482 - inspyred.ec - DEBUG - archive size is now 5
2024-01-06 14:26:26,482 - inspyred.ec - DEBUG - population size is now 10
2024-01-06 14:26:26,482 - inspyred.ec - DEBUG - observation using file_observer at generation 0 and evaluation 10
2024-01-06 14:26:26,483 - inspyred.ec - DEBUG - termination test using special_termination at generation 0 and evaluation 10
2024-01-06 14:26:26,483 - inspyred.ec - DEBUG - termination test using generation_termination at generation 0 and evaluation 10
2024-01-06 14:26:26,483 - inspyred.ec - DEBUG - termination test using diversity_termination at generation 0 and evaluation 10
2024-01-06 14:26:26,483 - inspyred.ec - DEBUG - selection using tournament_selection at generation 0 and evaluation 10
2024-01-06 14:26:26,483 - inspyred.ec - DEBUG - selected 10 candidates
2024-01-06 14:26:26,483 - inspyred.ec - DEBUG - variation using n_point_crossover at generation 0 and evaluation 10
2024-01-06 14:26:26,483 - inspyred.ec - DEBUG - variation using random_reset_mutation at generation 0 and evaluation 10
2024-01-06 14:26:26,483 - inspyred.ec - DEBUG - variation using repair_mutation at generation 0 and evaluation 10
2024-01-06 14:26:26,529 - inspyred.ec - DEBUG - created 10 offspring
2024-01-06 14:26:26,529 - inspyred.ec - DEBUG - evaluation using evaluate at generation 0 and evaluation 10
2024-01-06 14:26:38,226 - inspyred.ec - DEBUG - replacement using nsga_replacement at generation 0 and evaluation 20
2024-01-06 14:26:38,226 - inspyred.ec - DEBUG - population size is now 10
2024-01-06 14:26:38,226 - inspyred.ec - DEBUG - migration using default_migration at generation 0 and evaluation 20
2024-01-06 14:26:38,226 - inspyred.ec - DEBUG - population size is now 10
2024-01-06 14:26:38,226 - inspyred.ec - DEBUG - archival using best_archiver at generation 0 and evaluation 20
2024-01-06 14:26:38,226 - inspyred.ec - DEBUG - archive size is now 6
2024-01-06 14:26:38,226 - inspyred.ec - DEBUG - population size is now 10
2024-01-06 14:26:38,226 - inspyred.ec - DEBUG - observation using file_observer at generation 1 and evaluation 20
2024-01-06 14:26:38,226 - inspyred.ec - DEBUG - termination test using special_termination at generation 1 and evaluation 20
2024-01-06 14:26:38,226 - inspyred.ec - DEBUG - termination test using generation_termination at generation 1 and evaluation 20
2024-01-06 14:26:38,226 - inspyred.ec - DEBUG - termination test using diversity_termination at generation 1 and evaluation 20
2024-01-06 14:26:38,230 - inspyred.ec - DEBUG - selection using tournament_selection at generation 1 and evaluation 20
2024-01-06 14:26:38,230 - inspyred.ec - DEBUG - selected 10 candidates
2024-01-06 14:26:38,232 - inspyred.ec - DEBUG - variation using n_point_crossover at generation 1 and evaluation 20
2024-01-06 14:26:38,232 - inspyred.ec - DEBUG - variation using random_reset_mutation at generation 1 and evaluation 20
2024-01-06 14:26:38,232 - inspyred.ec - DEBUG - variation using repair_mutation at generation 1 and evaluation 20
2024-01-06 14:26:38,326 - inspyred.ec - DEBUG - created 10 offspring
2024-01-06 14:26:38,326 - inspyred.ec - DEBUG - evaluation using evaluate at generation 1 and evaluation 20
2024-01-06 14:26:49,915 - inspyred.ec - DEBUG - replacement using nsga_replacement at generation 1 and evaluation 30
2024-01-06 14:26:49,917 - inspyred.ec - DEBUG - population size is now 10
2024-01-06 14:26:49,917 - inspyred.ec - DEBUG - migration using default_migration at generation 1 and evaluation 30
2024-01-06 14:26:49,917 - inspyred.ec - DEBUG - population size is now 10
2024-01-06 14:26:49,917 - inspyred.ec - DEBUG - archival using best_archiver at generation 1 and evaluation 30
2024-01-06 14:26:49,917 - inspyred.ec - DEBUG - archive size is now 6
2024-01-06 14:26:49,917 - inspyred.ec - DEBUG - population size is now 10
2024-01-06 14:26:49,917 - inspyred.ec - DEBUG - observation using file_observer at generation 2 and evaluation 30
2024-01-06 14:26:49,917 - inspyred.ec - DEBUG - termination test using special_termination at generation 2 and evaluation 30
2024-01-06 14:26:49,917 - inspyred.ec - DEBUG - termination test using generation_termination at generation 2 and evaluation 30
2024-01-06 14:26:49,917 - inspyred.ec - DEBUG - termination from generation_termination at generation 2 and evaluation 30
