2024-01-06 14:28:42,158 - inspyred.ec - DEBUG - generating initial population
2024-01-06 14:28:42,272 - inspyred.ec - DEBUG - evaluating initial population
2024-01-06 14:28:54,357 - inspyred.ec - DEBUG - population size is now 10
2024-01-06 14:28:54,357 - inspyred.ec - DEBUG - archiving initial population
2024-01-06 14:28:54,357 - inspyred.ec - DEBUG - archive size is now 3
2024-01-06 14:28:54,357 - inspyred.ec - DEBUG - population size is now 10
2024-01-06 14:28:54,357 - inspyred.ec - DEBUG - observation using file_observer at generation 0 and evaluation 10
2024-01-06 14:28:54,358 - inspyred.ec - DEBUG - termination test using special_termination at generation 0 and evaluation 10
2024-01-06 14:28:54,358 - inspyred.ec - DEBUG - termination test using generation_termination at generation 0 and evaluation 10
2024-01-06 14:28:54,358 - inspyred.ec - DEBUG - termination test using diversity_termination at generation 0 and evaluation 10
2024-01-06 14:28:54,359 - inspyred.ec - DEBUG - selection using tournament_selection at generation 0 and evaluation 10
2024-01-06 14:28:54,359 - inspyred.ec - DEBUG - selected 10 candidates
2024-01-06 14:28:54,361 - inspyred.ec - DEBUG - variation using n_point_crossover at generation 0 and evaluation 10
2024-01-06 14:28:54,361 - inspyred.ec - DEBUG - variation using random_reset_mutation at generation 0 and evaluation 10
2024-01-06 14:28:54,361 - inspyred.ec - DEBUG - variation using repair_mutation at generation 0 and evaluation 10
2024-01-06 14:28:54,428 - inspyred.ec - DEBUG - created 10 offspring
2024-01-06 14:28:54,428 - inspyred.ec - DEBUG - evaluation using evaluate at generation 0 and evaluation 10
2024-01-06 14:29:05,736 - inspyred.ec - DEBUG - replacement using nsga_replacement at generation 0 and evaluation 20
2024-01-06 14:29:05,736 - inspyred.ec - DEBUG - population size is now 10
2024-01-06 14:29:05,736 - inspyred.ec - DEBUG - migration using default_migration at generation 0 and evaluation 20
2024-01-06 14:29:05,736 - inspyred.ec - DEBUG - population size is now 10
2024-01-06 14:29:05,736 - inspyred.ec - DEBUG - archival using best_archiver at generation 0 and evaluation 20
2024-01-06 14:29:05,736 - inspyred.ec - DEBUG - archive size is now 4
2024-01-06 14:29:05,736 - inspyred.ec - DEBUG - population size is now 10
2024-01-06 14:29:05,736 - inspyred.ec - DEBUG - observation using file_observer at generation 1 and evaluation 20
2024-01-06 14:29:05,736 - inspyred.ec - DEBUG - termination test using special_termination at generation 1 and evaluation 20
2024-01-06 14:29:05,736 - inspyred.ec - DEBUG - termination test using generation_termination at generation 1 and evaluation 20
2024-01-06 14:29:05,736 - inspyred.ec - DEBUG - termination test using diversity_termination at generation 1 and evaluation 20
2024-01-06 14:29:05,736 - inspyred.ec - DEBUG - selection using tournament_selection at generation 1 and evaluation 20
2024-01-06 14:29:05,736 - inspyred.ec - DEBUG - selected 10 candidates
2024-01-06 14:29:05,746 - inspyred.ec - DEBUG - variation using n_point_crossover at generation 1 and evaluation 20
2024-01-06 14:29:05,746 - inspyred.ec - DEBUG - variation using random_reset_mutation at generation 1 and evaluation 20
2024-01-06 14:29:05,746 - inspyred.ec - DEBUG - variation using repair_mutation at generation 1 and evaluation 20
2024-01-06 14:29:05,809 - inspyred.ec - DEBUG - created 10 offspring
2024-01-06 14:29:05,809 - inspyred.ec - DEBUG - evaluation using evaluate at generation 1 and evaluation 20
2024-01-06 14:29:17,171 - inspyred.ec - DEBUG - replacement using nsga_replacement at generation 1 and evaluation 30
2024-01-06 14:29:17,171 - inspyred.ec - DEBUG - population size is now 10
2024-01-06 14:29:17,171 - inspyred.ec - DEBUG - migration using default_migration at generation 1 and evaluation 30
2024-01-06 14:29:17,171 - inspyred.ec - DEBUG - population size is now 10
2024-01-06 14:29:17,171 - inspyred.ec - DEBUG - archival using best_archiver at generation 1 and evaluation 30
2024-01-06 14:29:17,171 - inspyred.ec - DEBUG - archive size is now 5
2024-01-06 14:29:17,171 - inspyred.ec - DEBUG - population size is now 10
2024-01-06 14:29:17,171 - inspyred.ec - DEBUG - observation using file_observer at generation 2 and evaluation 30
2024-01-06 14:29:17,171 - inspyred.ec - DEBUG - termination test using special_termination at generation 2 and evaluation 30
2024-01-06 14:29:17,171 - inspyred.ec - DEBUG - termination test using generation_termination at generation 2 and evaluation 30
2024-01-06 14:29:17,171 - inspyred.ec - DEBUG - termination from generation_termination at generation 2 and evaluation 30
